<?xml version="1.0" encoding="UTF-8"?>
<!-- Generated by org.testng.reporters.JUnitReportReporter -->
<testsuite hostname="hp" failures="0" tests="1" name="Test.LoginPageTest" time="37.834" errors="0" timestamp="2022-06-23T20:37:49 IST" skipped="0">
  <testcase classname="Test.LoginPageTest" name="forgotPasswordLinkTest" time="37.834"/>
  <system-out/>
</testsuite> <!-- Test.LoginPageTest -->
